  main.cpp
c:\users\kim jong-un\desktop\rgb_processingwin\rgb_processingwin\main.cpp(64): warning C4244: 'argument': conversion from 'uint64_t' to 'float', possible loss of data
c:\users\kim jong-un\desktop\rgb_processingwin\rgb_processingwin\main.cpp(64): warning C4244: '=': conversion from 'T' to 'float', possible loss of data
          with
          [
              T=double
          ]
c:\users\kim jong-un\desktop\rgb_processingwin\rgb_processingwin\main.cpp(110): warning C4244: 'argument': conversion from 'int' to 'float', possible loss of data
c:\users\kim jong-un\desktop\rgb_processingwin\rgb_processingwin\main.cpp(110): warning C4244: '=': conversion from 'T' to 'float', possible loss of data
          with
          [
              T=double
          ]
c:\users\kim jong-un\desktop\rgb_processingwin\rgb_processingwin\main.cpp(191): warning C4018: '<': signed/unsigned mismatch
c:\users\kim jong-un\desktop\rgb_processingwin\rgb_processingwin\main.cpp(192): warning C4018: '<': signed/unsigned mismatch
c:\users\kim jong-un\desktop\rgb_processingwin\rgb_processingwin\main.cpp(222): warning C4244: 'initializing': conversion from 'unsigned __int64' to 'int', possible loss of data
c:\users\kim jong-un\desktop\rgb_processingwin\rgb_processingwin\main.cpp(223): warning C4244: 'initializing': conversion from 'unsigned __int64' to 'int', possible loss of data
c:\users\kim jong-un\desktop\rgb_processingwin\rgb_processingwin\main.cpp(290): warning C4244: 'argument': conversion from 'uint64_t' to 'unsigned int', possible loss of data
c:\users\kim jong-un\desktop\rgb_processingwin\rgb_processingwin\main.cpp(291): warning C4244: 'argument': conversion from 'uint64_t' to 'unsigned int', possible loss of data
c:\users\kim jong-un\desktop\rgb_processingwin\rgb_processingwin\main.cpp(293): warning C4244: 'argument': conversion from 'uint64_t' to 'const unsigned int', possible loss of data
c:\users\kim jong-un\desktop\rgb_processingwin\rgb_processingwin\main.cpp(294): warning C4244: 'argument': conversion from 'uint64_t' to 'const unsigned int', possible loss of data
c:\users\kim jong-un\desktop\rgb_processingwin\rgb_processingwin\main.cpp(295): warning C4244: 'argument': conversion from 'uint64_t' to 'const unsigned int', possible loss of data
c:\users\kim jong-un\desktop\rgb_processingwin\rgb_processingwin\main.cpp(297): warning C4244: 'argument': conversion from 'uint64_t' to 'const unsigned int', possible loss of data
c:\users\kim jong-un\desktop\rgb_processingwin\rgb_processingwin\main.cpp(297): warning C4244: 'argument': conversion from 'uint64_t' to 'unsigned int', possible loss of data
c:\users\kim jong-un\desktop\rgb_processingwin\rgb_processingwin\main.cpp(309): warning C4244: 'argument': conversion from 'uint64_t' to 'unsigned int', possible loss of data
c:\users\kim jong-un\desktop\rgb_processingwin\rgb_processingwin\main.cpp(310): warning C4244: 'argument': conversion from 'uint64_t' to 'unsigned int', possible loss of data
c:\users\kim jong-un\desktop\rgb_processingwin\rgb_processingwin\main.cpp(312): warning C4244: 'argument': conversion from 'uint64_t' to 'const unsigned int', possible loss of data
c:\users\kim jong-un\desktop\rgb_processingwin\rgb_processingwin\main.cpp(313): warning C4244: 'argument': conversion from 'uint64_t' to 'const unsigned int', possible loss of data
c:\users\kim jong-un\desktop\rgb_processingwin\rgb_processingwin\main.cpp(314): warning C4244: 'argument': conversion from 'uint64_t' to 'const unsigned int', possible loss of data
c:\users\kim jong-un\desktop\rgb_processingwin\rgb_processingwin\main.cpp(316): warning C4244: 'argument': conversion from 'uint64_t' to 'const unsigned int', possible loss of data
c:\users\kim jong-un\desktop\rgb_processingwin\rgb_processingwin\main.cpp(316): warning C4244: 'argument': conversion from 'uint64_t' to 'unsigned int', possible loss of data
c:\users\kim jong-un\desktop\rgb_processingwin\rgb_processingwin\main.cpp(340): warning C4244: 'argument': conversion from 'uint64_t' to 'unsigned int', possible loss of data
c:\users\kim jong-un\desktop\rgb_processingwin\rgb_processingwin\main.cpp(342): warning C4244: 'argument': conversion from 'uint64_t' to 'unsigned int', possible loss of data
c:\users\kim jong-un\desktop\rgb_processingwin\rgb_processingwin\main.cpp(351): warning C4244: 'argument': conversion from 'uint64_t' to 'unsigned int', possible loss of data
c:\users\kim jong-un\desktop\rgb_processingwin\rgb_processingwin\main.cpp(353): warning C4244: 'argument': conversion from 'uint64_t' to 'unsigned int', possible loss of data
c:\users\kim jong-un\desktop\rgb_processingwin\rgb_processingwin\main.cpp(381): warning C4244: 'argument': conversion from 'uint64_t' to 'unsigned int', possible loss of data
c:\users\kim jong-un\desktop\rgb_processingwin\rgb_processingwin\main.cpp(389): warning C4244: 'return': conversion from 'float' to 'int', possible loss of data
c:\users\kim jong-un\desktop\rgb_processingwin\rgb_processingwin\main.cpp(367): warning C4244: '=': conversion from 'Value' to 'int', possible loss of data
          with
          [
              Value=float
          ]
c:\users\kim jong-un\desktop\rgb_processingwin\rgb_processingwin\main.cpp(398): warning C4244: 'argument': conversion from 'uint64_t' to 'unsigned int', possible loss of data
c:\users\kim jong-un\desktop\rgb_processingwin\rgb_processingwin\main.cpp(408): warning C4244: 'argument': conversion from '_Ty' to 'unsigned int', possible loss of data
          with
          [
              _Ty=uint64_t
          ]
c:\users\kim jong-un\desktop\rgb_processingwin\rgb_processingwin\main.cpp(430): warning C4244: 'argument': conversion from 'uint64_t' to 'unsigned int', possible loss of data
c:\users\kim jong-un\desktop\rgb_processingwin\rgb_processingwin\main.cpp(444): warning C4244: 'argument': conversion from 'uint64_t' to 'unsigned int', possible loss of data
c:\users\kim jong-un\desktop\rgb_processingwin\rgb_processingwin\libraries\tbb_4_4_2\include\tbb\parallel_reduce.h(325): warning C4244: '=': conversion from 'int' to 'Value', possible loss of data
          with
          [
              Value=float
          ]
  c:\users\kim jong-un\desktop\rgb_processingwin\rgb_processingwin\libraries\tbb_4_4_2\include\tbb\parallel_reduce.h(324): note: while compiling class template member function 'void tbb::internal::lambda_reduce_body<Range,Value,RealBody,Reduction>::join(tbb::internal::lambda_reduce_body<Range,Value,RealBody,Reduction> &)'
          with
          [
              Range=tbb::blocked_range2d<uint64_t,uint64_t>,
              Value=float,
              RealBody=countNumberOfColouredPixels::<lambda_62760ce51b9592986fbf2a067f4b9582>,
              Reduction=countNumberOfColouredPixels::<lambda_e3d30f90366e9d46e0b778669e1cbed9>
          ]
  c:\users\kim jong-un\desktop\rgb_processingwin\rgb_processingwin\libraries\tbb_4_4_2\include\tbb\parallel_reduce.h(69): note: see reference to function template instantiation 'void tbb::internal::lambda_reduce_body<Range,Value,RealBody,Reduction>::join(tbb::internal::lambda_reduce_body<Range,Value,RealBody,Reduction> &)' being compiled
          with
          [
              Range=tbb::blocked_range2d<uint64_t,uint64_t>,
              Value=float,
              RealBody=countNumberOfColouredPixels::<lambda_62760ce51b9592986fbf2a067f4b9582>,
              Reduction=countNumberOfColouredPixels::<lambda_e3d30f90366e9d46e0b778669e1cbed9>
          ]
  c:\users\kim jong-un\desktop\rgb_processingwin\rgb_processingwin\libraries\tbb_4_4_2\include\tbb\parallel_reduce.h(432): note: see reference to class template instantiation 'tbb::internal::lambda_reduce_body<Range,Value,RealBody,Reduction>' being compiled
          with
          [
              Range=tbb::blocked_range2d<uint64_t,uint64_t>,
              Value=float,
              RealBody=countNumberOfColouredPixels::<lambda_62760ce51b9592986fbf2a067f4b9582>,
              Reduction=countNumberOfColouredPixels::<lambda_e3d30f90366e9d46e0b778669e1cbed9>
          ]
  c:\users\kim jong-un\desktop\rgb_processingwin\rgb_processingwin\main.cpp(391): note: see reference to function template instantiation 'Value tbb::parallel_reduce<tbb::blocked_range2d<uint64_t,uint64_t>,float,countNumberOfColouredPixels::<lambda_62760ce51b9592986fbf2a067f4b9582>,countNumberOfColouredPixels::<lambda_e3d30f90366e9d46e0b778669e1cbed9>>(const Range &,const Value &,const RealBody &,const Reduction &)' being compiled
          with
          [
              Value=float,
              Range=tbb::blocked_range2d<uint64_t,uint64_t>,
              RealBody=countNumberOfColouredPixels::<lambda_62760ce51b9592986fbf2a067f4b9582>,
              Reduction=countNumberOfColouredPixels::<lambda_e3d30f90366e9d46e0b778669e1cbed9>
          ]
c:\users\kim jong-un\desktop\rgb_processingwin\rgb_processingwin\libraries\tbb_4_4_2\include\tbb\parallel_reduce.h(322): warning C4244: 'argument': conversion from 'const Value' to 'int', possible loss of data
          with
          [
              Value=float
          ]
  c:\users\kim jong-un\desktop\rgb_processingwin\rgb_processingwin\libraries\tbb_4_4_2\include\tbb\parallel_reduce.h(321): note: while compiling class template member function 'void tbb::internal::lambda_reduce_body<Range,Value,RealBody,Reduction>::operator ()(Range &)'
          with
          [
              Range=tbb::blocked_range2d<uint64_t,uint64_t>,
              Value=float,
              RealBody=countNumberOfColouredPixels::<lambda_62760ce51b9592986fbf2a067f4b9582>,
              Reduction=countNumberOfColouredPixels::<lambda_e3d30f90366e9d46e0b778669e1cbed9>
          ]
  c:\users\kim jong-un\desktop\rgb_processingwin\rgb_processingwin\libraries\tbb_4_4_2\include\tbb\parallel_reduce.h(151): note: see reference to function template instantiation 'void tbb::internal::lambda_reduce_body<Range,Value,RealBody,Reduction>::operator ()(Range &)' being compiled
          with
          [
              Range=tbb::blocked_range2d<uint64_t,uint64_t>,
              Value=float,
              RealBody=countNumberOfColouredPixels::<lambda_62760ce51b9592986fbf2a067f4b9582>,
              Reduction=countNumberOfColouredPixels::<lambda_e3d30f90366e9d46e0b778669e1cbed9>
          ]
c:\users\kim jong-un\desktop\rgb_processingwin\rgb_processingwin\libraries\tbb_4_4_2\include\tbb\parallel_reduce.h(322): warning C4244: '=': conversion from 'int' to 'Value', possible loss of data
          with
          [
              Value=float
          ]
  RGB_ProcessingWin.vcxproj -> C:\Users\Kim Jong-Un\Desktop\RGB_ProcessingWin\RGB_ProcessingWin\Debug\RGB_ProcessingWin.exe
